{"/home/bruna/modulo03/behavioral/02.observer/src/events/payment.js": {"path":"/home/bruna/modulo03/behavioral/02.observer/src/events/payment.js","all":false,"statementMap":{"0":{"start":{"line":1,"column":0},"end":{"line":1,"column":30}},"1":{"start":{"line":2,"column":0},"end":{"line":2,"column":30}},"2":{"start":{"line":3,"column":0},"end":{"line":3,"column":40}},"3":{"start":{"line":4,"column":0},"end":{"line":4,"column":3}},"4":{"start":{"line":5,"column":0},"end":{"line":5,"column":0}},"5":{"start":{"line":6,"column":0},"end":{"line":6,"column":26}},"6":{"start":{"line":7,"column":0},"end":{"line":7,"column":38}},"7":{"start":{"line":8,"column":0},"end":{"line":8,"column":68}},"8":{"start":{"line":9,"column":0},"end":{"line":9,"column":4}},"9":{"start":{"line":10,"column":0},"end":{"line":10,"column":38}},"10":{"start":{"line":11,"column":0},"end":{"line":11,"column":43}},"11":{"start":{"line":12,"column":0},"end":{"line":12,"column":3}},"12":{"start":{"line":13,"column":0},"end":{"line":13,"column":1}}},"s":{"0":1,"1":2,"2":2,"3":2,"4":2,"5":2,"6":2,"7":2,"8":1,"9":1,"10":1,"11":1,"12":1},"branchMap":{"0":{"type":"branch","line":1,"loc":{"start":{"line":1,"column":0},"end":{"line":1,"column":21}},"locations":[{"start":{"line":1,"column":0},"end":{"line":1,"column":21}}]},"1":{"type":"branch","line":1,"loc":{"start":{"line":1,"column":21},"end":{"line":8,"column":68}},"locations":[{"start":{"line":1,"column":21},"end":{"line":8,"column":68}}]}},"b":{"0":[2],"1":[2]},"fnMap":{"0":{"name":"Payment","decl":{"start":{"line":1,"column":0},"end":{"line":1,"column":21}},"loc":{"start":{"line":1,"column":0},"end":{"line":1,"column":21}},"line":1},"1":{"name":"creditCard","decl":{"start":{"line":1,"column":21},"end":{"line":8,"column":68}},"loc":{"start":{"line":1,"column":21},"end":{"line":8,"column":68}},"line":1}},"f":{"0":2,"1":2}}
,"/home/bruna/modulo03/behavioral/02.observer/src/observers/marketing.js": {"path":"/home/bruna/modulo03/behavioral/02.observer/src/observers/marketing.js","all":false,"statementMap":{"0":{"start":{"line":1,"column":0},"end":{"line":1,"column":32}},"1":{"start":{"line":2,"column":0},"end":{"line":2,"column":28}},"2":{"start":{"line":3,"column":0},"end":{"line":3,"column":16}},"3":{"start":{"line":4,"column":0},"end":{"line":4,"column":73}},"4":{"start":{"line":5,"column":0},"end":{"line":5,"column":6}},"5":{"start":{"line":6,"column":0},"end":{"line":6,"column":3}},"6":{"start":{"line":7,"column":0},"end":{"line":7,"column":1}}},"s":{"0":1,"1":1,"2":1,"3":1,"4":1,"5":1,"6":1},"branchMap":{"0":{"type":"branch","line":1,"loc":{"start":{"line":1,"column":0},"end":{"line":2,"column":28}},"locations":[{"start":{"line":1,"column":0},"end":{"line":2,"column":28}}]}},"b":{"0":[1]},"fnMap":{"0":{"name":"update","decl":{"start":{"line":1,"column":0},"end":{"line":2,"column":28}},"loc":{"start":{"line":1,"column":0},"end":{"line":2,"column":28}},"line":1}},"f":{"0":1}}
,"/home/bruna/modulo03/behavioral/02.observer/src/observers/shipment.js": {"path":"/home/bruna/modulo03/behavioral/02.observer/src/observers/shipment.js","all":false,"statementMap":{"0":{"start":{"line":1,"column":0},"end":{"line":1,"column":31}},"1":{"start":{"line":2,"column":0},"end":{"line":2,"column":28}},"2":{"start":{"line":3,"column":0},"end":{"line":3,"column":82}},"3":{"start":{"line":4,"column":0},"end":{"line":4,"column":3}},"4":{"start":{"line":5,"column":0},"end":{"line":5,"column":1}}},"s":{"0":1,"1":1,"2":1,"3":1,"4":1},"branchMap":{"0":{"type":"branch","line":1,"loc":{"start":{"line":1,"column":0},"end":{"line":2,"column":27}},"locations":[{"start":{"line":1,"column":0},"end":{"line":2,"column":27}}]}},"b":{"0":[1]},"fnMap":{"0":{"name":"update","decl":{"start":{"line":1,"column":0},"end":{"line":2,"column":27}},"loc":{"start":{"line":1,"column":0},"end":{"line":2,"column":27}},"line":1}},"f":{"0":1}}
,"/home/bruna/modulo03/behavioral/02.observer/src/subjects/paymentSubject.js": {"path":"/home/bruna/modulo03/behavioral/02.observer/src/subjects/paymentSubject.js","all":false,"statementMap":{"0":{"start":{"line":1,"column":0},"end":{"line":1,"column":37}},"1":{"start":{"line":2,"column":0},"end":{"line":2,"column":25}},"2":{"start":{"line":3,"column":0},"end":{"line":3,"column":0}},"3":{"start":{"line":4,"column":0},"end":{"line":4,"column":15}},"4":{"start":{"line":5,"column":0},"end":{"line":5,"column":52}},"5":{"start":{"line":6,"column":0},"end":{"line":6,"column":3}},"6":{"start":{"line":7,"column":0},"end":{"line":7,"column":0}},"7":{"start":{"line":8,"column":0},"end":{"line":8,"column":26}},"8":{"start":{"line":9,"column":0},"end":{"line":9,"column":38}},"9":{"start":{"line":10,"column":0},"end":{"line":10,"column":3}},"10":{"start":{"line":11,"column":0},"end":{"line":11,"column":0}},"11":{"start":{"line":12,"column":0},"end":{"line":12,"column":24}},"12":{"start":{"line":13,"column":0},"end":{"line":13,"column":35}},"13":{"start":{"line":14,"column":0},"end":{"line":14,"column":3}},"14":{"start":{"line":15,"column":0},"end":{"line":15,"column":1}}},"s":{"0":4,"1":4,"2":1,"3":1,"4":4,"5":4,"6":4,"7":4,"8":1,"9":1,"10":1,"11":1,"12":1,"13":1,"14":1},"branchMap":{"0":{"type":"branch","line":1,"loc":{"start":{"line":1,"column":0},"end":{"line":9,"column":26}},"locations":[{"start":{"line":1,"column":0},"end":{"line":9,"column":26}}]},"1":{"type":"branch","line":1,"loc":{"start":{"line":1,"column":0},"end":{"line":2,"column":12}},"locations":[{"start":{"line":1,"column":0},"end":{"line":2,"column":12}}]},"2":{"type":"branch","line":1,"loc":{"start":{"line":1,"column":15},"end":{"line":2,"column":12}},"locations":[{"start":{"line":1,"column":15},"end":{"line":2,"column":12}}]},"3":{"type":"branch","line":2,"loc":{"start":{"line":2,"column":12},"end":{"line":5,"column":45}},"locations":[{"start":{"line":2,"column":12},"end":{"line":5,"column":45}}]},"4":{"type":"branch","line":5,"loc":{"start":{"line":5,"column":39},"end":{"line":9,"column":26}},"locations":[{"start":{"line":5,"column":39},"end":{"line":9,"column":26}}]}},"b":{"0":[4],"1":[4],"2":[3],"3":[1],"4":[4]},"fnMap":{"0":{"name":"<instance_members_initializer>","decl":{"start":{"line":1,"column":0},"end":{"line":9,"column":26}},"loc":{"start":{"line":1,"column":0},"end":{"line":9,"column":26}},"line":1},"1":{"name":"notify","decl":{"start":{"line":1,"column":0},"end":{"line":2,"column":12}},"loc":{"start":{"line":1,"column":0},"end":{"line":2,"column":12}},"line":1},"2":{"name":"unsubscribe","decl":{"start":{"line":2,"column":12},"end":{"line":5,"column":45}},"loc":{"start":{"line":2,"column":12},"end":{"line":5,"column":45}},"line":2},"3":{"name":"subscribe","decl":{"start":{"line":5,"column":39},"end":{"line":9,"column":26}},"loc":{"start":{"line":5,"column":39},"end":{"line":9,"column":26}},"line":5}},"f":{"0":4,"1":4,"2":1,"3":4}}
}
