{"/home/bruna/modulo03/behavioral/03.template-method/src/business/orderBusiness.js": {"path":"/home/bruna/modulo03/behavioral/03.template-method/src/business/orderBusiness.js","all":false,"statementMap":{"0":{"start":{"line":1,"column":0},"end":{"line":1,"column":50}},"1":{"start":{"line":2,"column":0},"end":{"line":2,"column":0}},"2":{"start":{"line":3,"column":0},"end":{"line":3,"column":57}},"3":{"start":{"line":4,"column":0},"end":{"line":4,"column":21}},"4":{"start":{"line":5,"column":0},"end":{"line":5,"column":0}},"5":{"start":{"line":6,"column":0},"end":{"line":6,"column":33}},"6":{"start":{"line":7,"column":0},"end":{"line":7,"column":51}},"7":{"start":{"line":8,"column":0},"end":{"line":8,"column":3}},"8":{"start":{"line":9,"column":0},"end":{"line":9,"column":0}},"9":{"start":{"line":10,"column":0},"end":{"line":10,"column":17}},"10":{"start":{"line":11,"column":0},"end":{"line":11,"column":26}},"11":{"start":{"line":12,"column":0},"end":{"line":12,"column":16}},"12":{"start":{"line":13,"column":0},"end":{"line":13,"column":3}},"13":{"start":{"line":14,"column":0},"end":{"line":14,"column":1}}},"s":{"0":2,"1":2,"2":2,"3":2,"4":2,"5":2,"6":1,"7":1,"8":1,"9":1,"10":1,"11":1,"12":1,"13":1},"branchMap":{"0":{"type":"branch","line":1,"loc":{"start":{"line":1,"column":0},"end":{"line":7,"column":34}},"locations":[{"start":{"line":1,"column":0},"end":{"line":7,"column":34}}]},"1":{"type":"branch","line":1,"loc":{"start":{"line":1,"column":25},"end":{"line":6,"column":25}},"locations":[{"start":{"line":1,"column":25},"end":{"line":6,"column":25}}]},"2":{"type":"branch","line":6,"loc":{"start":{"line":6,"column":2},"end":{"line":7,"column":34}},"locations":[{"start":{"line":6,"column":2},"end":{"line":7,"column":34}}]}},"b":{"0":[2],"1":[2],"2":[2]},"fnMap":{"0":{"name":"<instance_members_initializer>","decl":{"start":{"line":1,"column":0},"end":{"line":7,"column":34}},"loc":{"start":{"line":1,"column":0},"end":{"line":7,"column":34}},"line":1},"1":{"name":"_validateRequiredFields","decl":{"start":{"line":1,"column":25},"end":{"line":6,"column":25}},"loc":{"start":{"line":1,"column":25},"end":{"line":6,"column":25}},"line":1},"2":{"name":"_create","decl":{"start":{"line":6,"column":2},"end":{"line":7,"column":34}},"loc":{"start":{"line":6,"column":2},"end":{"line":7,"column":34}},"line":6}},"f":{"0":2,"1":2,"2":2}}
,"/home/bruna/modulo03/behavioral/03.template-method/src/business/base/baseBusiness.js": {"path":"/home/bruna/modulo03/behavioral/03.template-method/src/business/base/baseBusiness.js","all":false,"statementMap":{"0":{"start":{"line":1,"column":0},"end":{"line":1,"column":66}},"1":{"start":{"line":2,"column":0},"end":{"line":2,"column":0}},"2":{"start":{"line":3,"column":0},"end":{"line":3,"column":35}},"3":{"start":{"line":4,"column":0},"end":{"line":4,"column":32}},"4":{"start":{"line":5,"column":0},"end":{"line":5,"column":72}},"5":{"start":{"line":6,"column":0},"end":{"line":6,"column":3}},"6":{"start":{"line":7,"column":0},"end":{"line":7,"column":0}},"7":{"start":{"line":8,"column":0},"end":{"line":8,"column":16}},"8":{"start":{"line":9,"column":0},"end":{"line":9,"column":56}},"9":{"start":{"line":10,"column":0},"end":{"line":10,"column":3}},"10":{"start":{"line":11,"column":0},"end":{"line":11,"column":0}},"11":{"start":{"line":12,"column":0},"end":{"line":12,"column":15}},"12":{"start":{"line":13,"column":0},"end":{"line":13,"column":54}},"13":{"start":{"line":14,"column":0},"end":{"line":14,"column":4}},"14":{"start":{"line":15,"column":0},"end":{"line":15,"column":50}},"15":{"start":{"line":16,"column":0},"end":{"line":16,"column":4}},"16":{"start":{"line":17,"column":0},"end":{"line":17,"column":29}},"17":{"start":{"line":18,"column":0},"end":{"line":18,"column":3}},"18":{"start":{"line":19,"column":0},"end":{"line":19,"column":1}}},"s":{"0":1,"1":1,"2":1,"3":1,"4":1,"5":5,"6":5,"7":5,"8":5,"9":5,"10":5,"11":5,"12":1,"13":1,"14":1,"15":1,"16":1,"17":1,"18":1},"branchMap":{"0":{"type":"branch","line":1,"loc":{"start":{"line":1,"column":9},"end":{"line":4,"column":25}},"locations":[{"start":{"line":1,"column":9},"end":{"line":4,"column":25}}]},"1":{"type":"branch","line":4,"loc":{"start":{"line":4,"column":25},"end":{"line":5,"column":71}},"locations":[{"start":{"line":4,"column":25},"end":{"line":5,"column":71}}]},"2":{"type":"branch","line":5,"loc":{"start":{"line":5,"column":71},"end":{"line":13,"column":53}},"locations":[{"start":{"line":5,"column":71},"end":{"line":13,"column":53}}]},"3":{"type":"branch","line":12,"loc":{"start":{"line":12,"column":2},"end":{"line":13,"column":20}},"locations":[{"start":{"line":12,"column":2},"end":{"line":13,"column":20}}]},"4":{"type":"branch","line":13,"loc":{"start":{"line":13,"column":17},"end":{"line":13,"column":53}},"locations":[{"start":{"line":13,"column":17},"end":{"line":13,"column":53}}]}},"b":{"0":[1],"1":[1],"2":[5],"3":[1],"4":[3]},"fnMap":{"0":{"name":"_validateRequiredFields","decl":{"start":{"line":1,"column":9},"end":{"line":4,"column":25}},"loc":{"start":{"line":1,"column":9},"end":{"line":4,"column":25}},"line":1},"1":{"name":"_create","decl":{"start":{"line":4,"column":25},"end":{"line":5,"column":71}},"loc":{"start":{"line":4,"column":25},"end":{"line":5,"column":71}},"line":4},"2":{"name":"create","decl":{"start":{"line":5,"column":71},"end":{"line":13,"column":53}},"loc":{"start":{"line":5,"column":71},"end":{"line":13,"column":53}},"line":5}},"f":{"0":1,"1":1,"2":5}}
,"/home/bruna/modulo03/behavioral/03.template-method/src/entities/order.js": {"path":"/home/bruna/modulo03/behavioral/03.template-method/src/entities/order.js","all":false,"statementMap":{"0":{"start":{"line":1,"column":0},"end":{"line":1,"column":28}},"1":{"start":{"line":2,"column":0},"end":{"line":2,"column":49}},"2":{"start":{"line":3,"column":0},"end":{"line":3,"column":33}},"3":{"start":{"line":4,"column":0},"end":{"line":4,"column":25}},"4":{"start":{"line":5,"column":0},"end":{"line":5,"column":29}},"5":{"start":{"line":6,"column":0},"end":{"line":6,"column":3}},"6":{"start":{"line":7,"column":0},"end":{"line":7,"column":1}}},"s":{"0":2,"1":2,"2":1,"3":1,"4":1,"5":1,"6":1},"branchMap":{"0":{"type":"branch","line":1,"loc":{"start":{"line":1,"column":0},"end":{"line":3,"column":8}},"locations":[{"start":{"line":1,"column":0},"end":{"line":3,"column":8}}]}},"b":{"0":[2]},"fnMap":{"0":{"name":"Order","decl":{"start":{"line":1,"column":0},"end":{"line":3,"column":8}},"loc":{"start":{"line":1,"column":0},"end":{"line":3,"column":8}},"line":1}},"f":{"0":2}}
,"/home/bruna/modulo03/behavioral/03.template-method/src/util/exceptions.js": {"path":"/home/bruna/modulo03/behavioral/03.template-method/src/util/exceptions.js","all":false,"statementMap":{"0":{"start":{"line":1,"column":0},"end":{"line":1,"column":52}},"1":{"start":{"line":2,"column":0},"end":{"line":2,"column":23}},"2":{"start":{"line":3,"column":0},"end":{"line":3,"column":59}},"3":{"start":{"line":4,"column":0},"end":{"line":4,"column":41}},"4":{"start":{"line":5,"column":0},"end":{"line":5,"column":3}},"5":{"start":{"line":6,"column":0},"end":{"line":6,"column":1}}},"s":{"0":4,"1":4,"2":1,"3":1,"4":1,"5":1},"branchMap":{"0":{"type":"branch","line":1,"loc":{"start":{"line":1,"column":0},"end":{"line":3,"column":20}},"locations":[{"start":{"line":1,"column":0},"end":{"line":3,"column":20}}]}},"b":{"0":[4]},"fnMap":{"0":{"name":"NotImplementedException","decl":{"start":{"line":1,"column":0},"end":{"line":3,"column":20}},"loc":{"start":{"line":1,"column":0},"end":{"line":3,"column":20}},"line":1}},"f":{"0":4}}
}
